# JRE version: Java(TM) SE Runtime Environment (7.0_40-b43) (build 1.7.0_40-b43)
# Java VM: Java HotSpot(TM) 64-Bit Server VM (24.0-b56 mixed mode windows-amd64 compressed oops)
Heap
 PSYoungGen      total 70656K, used 7590K [0x00000000f5500000, 0x00000000f9f00000, 0x0000000100000000)
  eden space 65536K, 3% used [0x00000000f5500000,0x00000000f576eaa0,0x00000000f9500000)
  from space 5120K, 99% used [0x00000000f9a00000,0x00000000f9efaf18,0x00000000f9f00000)
  to   space 5120K, 0% used [0x00000000f9500000,0x00000000f9500000,0x00000000f9a00000)
 ParOldGen       total 86016K, used 8262K [0x00000000e0000000, 0x00000000e5400000, 0x00000000f5500000)
  object space 86016K, 9% used [0x00000000e0000000,0x00000000e0811a38,0x00000000e5400000)
 PSPermGen       total 21504K, used 19379K [0x00000000dae00000, 0x00000000dc300000, 0x00000000e0000000)
  object space 21504K, 90% used [0x00000000dae00000,0x00000000dc0ecfc8,0x00000000dc300000)
GC Heap History (4 events):
Event: 1.816 GC heap before
{Heap before GC invocations=1 (full 0):
 PSYoungGen      total 37888K, used 32768K [0x00000000f5500000, 0x00000000f7f00000, 0x0000000100000000)
  eden space 32768K, 100% used [0x00000000f5500000,0x00000000f7500000,0x00000000f7500000)
  from space 5120K, 0% used [0x00000000f7a00000,0x00000000f7a00000,0x00000000f7f00000)
  to   space 5120K, 0% used [0x00000000f7500000,0x00000000f7500000,0x00000000f7a00000)
 ParOldGen       total 86016K, used 0K [0x00000000e0000000, 0x00000000e5400000, 0x00000000f5500000)
  object space 86016K, 0% used [0x00000000e0000000,0x00000000e0000000,0x00000000e5400000)
 PSPermGen       total 21504K, used 11868K [0x00000000dae00000, 0x00000000dc300000, 0x00000000e0000000)
  object space 21504K, 55% used [0x00000000dae00000,0x00000000db997358,0x00000000dc300000)
Event: 2.471 GC heap after
Heap after GC invocations=1 (full 0):
 PSYoungGen      total 37888K, used 5110K [0x00000000f5500000, 0x00000000f9f00000, 0x0000000100000000)
  eden space 32768K, 0% used [0x00000000f5500000,0x00000000f5500000,0x00000000f7500000)
  from space 5120K, 99% used [0x00000000f7500000,0x00000000f79fdb18,0x00000000f7a00000)
  to   space 5120K, 0% used [0x00000000f9a00000,0x00000000f9a00000,0x00000000f9f00000)
 ParOldGen       total 86016K, used 2083K [0x00000000e0000000, 0x00000000e5400000, 0x00000000f5500000)
  object space 86016K, 2% used [0x00000000e0000000,0x00000000e0208fc0,0x00000000e5400000)
 PSPermGen       total 21504K, used 11868K [0x00000000dae00000, 0x00000000dc300000, 0x00000000e0000000)
  object space 21504K, 55% used [0x00000000dae00000,0x00000000db997358,0x00000000dc300000)
}
Event: 4.790 GC heap before
{Heap before GC invocations=2 (full 0):
 PSYoungGen      total 37888K, used 37878K [0x00000000f5500000, 0x00000000f9f00000, 0x0000000100000000)
  eden space 32768K, 100% used [0x00000000f5500000,0x00000000f7500000,0x00000000f7500000)
  from space 5120K, 99% used [0x00000000f7500000,0x00000000f79fdb18,0x00000000f7a00000)
  to   space 5120K, 0% used [0x00000000f9a00000,0x00000000f9a00000,0x00000000f9f00000)
 ParOldGen       total 86016K, used 2083K [0x00000000e0000000, 0x00000000e5400000, 0x00000000f5500000)
  object space 86016K, 2% used [0x00000000e0000000,0x00000000e0208fc0,0x00000000e5400000)
 PSPermGen       total 21504K, used 19145K [0x00000000dae00000, 0x00000000dc300000, 0x00000000e0000000)
  object space 21504K, 89% used [0x00000000dae00000,0x00000000dc0b2470,0x00000000dc300000)
Event: 4.820 GC heap after
Heap after GC invocations=2 (full 0):
 PSYoungGen      total 70656K, used 5099K [0x00000000f5500000, 0x00000000f9f00000, 0x0000000100000000)
  eden space 65536K, 0% used [0x00000000f5500000,0x00000000f5500000,0x00000000f9500000)
  from space 5120K, 99% used [0x00000000f9a00000,0x00000000f9efaf18,0x00000000f9f00000)
  to   space 5120K, 0% used [0x00000000f9500000,0x00000000f9500000,0x00000000f9a00000)
 ParOldGen       total 86016K, used 8262K [0x00000000e0000000, 0x00000000e5400000, 0x00000000f5500000)
  object space 86016K, 9% used [0x00000000e0000000,0x00000000e0811a38,0x00000000e5400000)
 PSPermGen       total 21504K, used 19145K [0x00000000dae00000, 0x00000000dc300000, 0x00000000e0000000)
  object space 21504K, 89% used [0x00000000dae00000,0x00000000dc0b2470,0x00000000dc300000)
}

